ncsim(64): 15.20-s086: (c) Copyright 1995-2020 Cadence Design Systems, Inc.

-------------------------------------
Relinquished control to SimVision...
ncsim> 
ncsim> database -open waves -into waves.shm -default
Created default SHM database waves
ncsim> probe -create -shm decoder_tb.a decoder_tb.clk decoder_tb.rst decoder_tb.y
Created probe 1
ncsim> run
ncsim: *E,C58EXE: Coverage database file already exists in the test output directory './cov_work/scope/test', and will not be overwritten. Specify a different name for the test output directory or use the '-covoverwrite' option to overwrite the existing test output directory, and rerun the simulation.
Simulation complete via $finish(1) at time 210 NS + 0
./decoder_tb.v:37         #10; $finish;
ncsim> coverage -analyze

coverage setup:
  workdir  :  ./cov_work
  dutinst  :  decoder_tb(decoder_tb)
  scope    :  scope
  testname :  test

coverage files:
  model(design data) :  ./cov_work/scope/icc_43c224e7_00000000.ucm (reused)
  data               :  ./cov_work/scope/test/icc_43c224e7_00000000.ucd
  cpu                :  0.0s system + 0.0s user = 0.0s total

Launching IMC...

ncsim> run -step
ncsim: *E,RNFNSH: Cannot continue simulation due to a previous $finish.
ncsim> run -step
ncsim: *E,RNFNSH: Cannot continue simulation due to a previous $finish.
ncsim> run -step
ncsim: *E,RNFNSH: Cannot continue simulation due to a previous $finish.
ncsim> run -step
ncsim: *E,RNFNSH: Cannot continue simulation due to a previous $finish.
ncsim> run -step
ncsim: *E,RNFNSH: Cannot continue simulation due to a previous $finish.
ncsim> run -step
ncsim: *E,RNFNSH: Cannot continue simulation due to a previous $finish.
ncsim> run -step
ncsim: *E,RNFNSH: Cannot continue simulation due to a previous $finish.
ncsim> run -step
ncsim: *E,RNFNSH: Cannot continue simulation due to a previous $finish.
ncsim> run -step
ncsim: *E,RNFNSH: Cannot continue simulation due to a previous $finish.
ncsim> run -step
ncsim: *E,RNFNSH: Cannot continue simulation due to a previous $finish.
ncsim> run -step
ncsim: *E,RNFNSH: Cannot continue simulation due to a previous $finish.
ncsim> run -step
ncsim: *E,RNFNSH: Cannot continue simulation due to a previous $finish.
ncsim> run -step
ncsim: *E,RNFNSH: Cannot continue simulation due to a previous $finish.
ncsim> coverage -analyze

coverage setup:
  workdir  :  ./cov_work
  dutinst  :  decoder_tb(decoder_tb)
  scope    :  scope
  testname :  test

coverage files:
  model(design data) :  ./cov_work/scope/icc_43c224e7_00000000.ucm (reused)
  data               :  ./cov_work/scope/test/icc_43c224e7_00000000.ucd
  cpu                :  0.0s system + 0.0s user = 0.0s total

Launching IMC...

ncsim> ^C
ncsim> exit
...Regained control from SimVision
-------------------------------------

coverage setup:
  workdir  :  ./cov_work
  dutinst  :  decoder_tb(decoder_tb)
  scope    :  scope
  testname :  test

coverage files:
  model(design data) :  ./cov_work/scope/icc_43c224e7_00000000.ucm (reused)
  data               :  ./cov_work/scope/test/icc_43c224e7_00000000.ucd
  cpu                :  0.0s system + 0.0s user = 0.0s total
ncsim: Memory Usage - 38.6M program + 296.0M data = 334.7M total (338.2M Peak)
ncsim: CPU Usage - 3.8s system + 0.7s user = 4.5s total (561.7s, 0.8% cpu)
